#
# There is insufficient memory for the Java Runtime Environment to continue.
# Native memory allocation (malloc) failed to allocate 1122416 bytes for Chunk::new
# Possible reasons:
#   The system is out of physical RAM or swap space
#   The process is running with CompressedOops enabled, and the Java Heap may be blocking the growth of the native heap
# Possible solutions:
#   Reduce memory load on the system
#   Increase physical memory or swap space
#   Check if swap backing store is full
#   Decrease Java heap size (-Xmx/-Xms)
#   Decrease number of Java threads
#   Decrease Java thread stack sizes (-Xss)
#   Set larger code cache with -XX:ReservedCodeCacheSize=
#   JVM is running with Unscaled Compressed Oops mode in which the Java heap is
#     placed in the first 4GB address space. The Java Heap base address is the
#     maximum limit for the native heap growth. Please use -XX:HeapBaseMinAddress
#     to set the Java Heap base and to place the Java Heap above 4GB virtual address.
# This output file may be truncated or incomplete.
#
#  Out of Memory Error (allocation.cpp:389), pid=252, tid=0x0000000000000904
#
# JRE version: Java(TM) SE Runtime Environment (8.0_202-b08) (build 1.8.0_202-b08)
# Java VM: Java HotSpot(TM) 64-Bit Server VM (25.202-b08 mixed mode windows-amd64 compressed oops)
# Failed to write core dump. Minidumps are not enabled by default on client versions of Windows
#

---------------  T H R E A D  ---------------

Current thread (0x0000000019902800):  JavaThread "C2 CompilerThread0" daemon [_thread_in_native, id=2308, stack(0x0000000019ff0000,0x000000001a0f0000)]

Stack: [0x0000000019ff0000,0x000000001a0f0000]
[error occurred during error reporting (printing stack bounds), id 0xc0000005]

Native frames: (J=compiled Java code, j=interpreted, Vv=VM code, C=native code)


Current CompileTask:
C2:  13342 4533       4       org.springframework.core.annotation.AnnotationsScanner::scan (20 bytes)


---------------  P R O C E S S  ---------------

Java Threads: ( => current thread )
  0x000000001e62d800 JavaThread "container-0" [_thread_blocked, id=15176, stack(0x0000000021050000,0x0000000021150000)]
  0x0000000019bdc000 JavaThread "Catalina-utility-2" [_thread_blocked, id=9408, stack(0x0000000020f50000,0x0000000021050000)]
  0x000000001e307800 JavaThread "Catalina-utility-1" [_thread_blocked, id=9440, stack(0x000000001b570000,0x000000001b670000)]
  0x0000000019947800 JavaThread "Service Thread" daemon [_thread_blocked, id=13460, stack(0x000000001a2f0000,0x000000001a3f0000)]
  0x0000000019945000 JavaThread "C1 CompilerThread2" daemon [_thread_blocked, id=17100, stack(0x000000001a1f0000,0x000000001a2f0000)]
  0x0000000019903000 JavaThread "C2 CompilerThread1" daemon [_thread_in_native, id=16156, stack(0x000000001a0f0000,0x000000001a1f0000)]
=>0x0000000019902800 JavaThread "C2 CompilerThread0" daemon [_thread_in_native, id=2308, stack(0x0000000019ff0000,0x000000001a0f0000)]
  0x000000001995b800 JavaThread "Monitor Ctrl-Break" daemon [_thread_in_native, id=16728, stack(0x0000000019ef0000,0x0000000019ff0000)]
  0x0000000017dcb800 JavaThread "Attach Listener" daemon [_thread_blocked, id=13104, stack(0x00000000195f0000,0x00000000196f0000)]
  0x0000000019133800 JavaThread "Signal Dispatcher" daemon [_thread_blocked, id=13024, stack(0x00000000194f0000,0x00000000195f0000)]
  0x00000000030cc800 JavaThread "Finalizer" daemon [_thread_blocked, id=7368, stack(0x0000000018ff0000,0x00000000190f0000)]
  0x00000000030c9000 JavaThread "Reference Handler" daemon [_thread_blocked, id=16348, stack(0x0000000018ef0000,0x0000000018ff0000)]
  0x0000000002fd9000 JavaThread "main" [_thread_in_native, id=6224, stack(0x0000000002ed0000,0x0000000002fd0000)]

Other Threads:
  0x0000000017d67800 VMThread [stack: 0x0000000018df0000,0x0000000018ef0000] [id=16996]
  0x0000000019a3e800 WatcherThread [stack: 0x000000001a3f0000,0x000000001a4f0000] [id=6728]

VM state:not at safepoint (normal execution)

VM Mutex/Monitor currently owned by a thread: None

heap address: 0x0000000082000000, size: 2016 MB, Compressed Oops mode: 32-bit
Narrow klass base: 0x0000000000000000, Narrow klass shift: 3
Compressed class space size: 1073741824 Address: 0x0000000100000000

Heap:
 PSYoungGen      total 202240K, used 149362K [0x00000000d6000000, 0x00000000e4800000, 0x0000000100000000)
  eden space 191488K, 78% used [0x00000000d6000000,0x00000000df1dc838,0x00000000e1b00000)
  from space 10752K, 0% used [0x00000000e2600000,0x00000000e2600000,0x00000000e3080000)
  to   space 11264K, 0% used [0x00000000e1b00000,0x00000000e1b00000,0x00000000e2600000)
 ParOldGen       total 70656K, used 13369K [0x0000000082000000, 0x0000000086500000, 0x00000000d6000000)
  object space 70656K, 18% used [0x0000000082000000,0x0000000082d0e478,0x0000000086500000)
 Metaspace       used 39308K, capacity 41180K, committed 41256K, reserved 1085440K
  class space    used 5060K, capacity 5398K, committed 5424K, reserved 1048576K

Card table byte_map: [0x0000000012670000,0x0000000012a70000] byte_map_base: 0x0000000012260000

Marking Bits: (ParMarkBitMap*) 0x000000006ad25ce0
 Begin Bits: [0x0000000013110000, 0x0000000015090000)
 End Bits:   [0x0000000015090000, 0x0000000017010000)

Polling page: 0x0000000001110000

CodeCache: size=245760Kb used=14932Kb max_used=14932Kb free=230827Kb
 bounds [0x00000000032b0000, 0x0000000004160000, 0x00000000122b0000]
 total_blobs=4616 nmethods=4171 adapters=357
 compilation: enabled

Compilation events (10 events):
Event: 13.188 Thread 0x0000000019945000 4573       3       org.apache.catalina.core.ApplicationContextFacade::getInitParameterNames (25 bytes)
Event: 13.188 Thread 0x0000000019945000 nmethod 4573 0x000000000414b0d0 code [0x000000000414b240, 0x000000000414b468]
Event: 13.188 Thread 0x0000000019945000 4574       3       org.apache.catalina.core.ApplicationContext::getInitParameterNames (67 bytes)
Event: 13.189 Thread 0x0000000019945000 nmethod 4574 0x000000000414b550 code [0x000000000414b7a0, 0x000000000414c7d8]
Event: 13.190 Thread 0x0000000019945000 4575       3       org.springframework.core.annotation.AnnotatedElementUtils$AnnotatedElementForAnnotations::getDeclaredAnnotations (11 bytes)
Event: 13.190 Thread 0x0000000019945000 nmethod 4575 0x000000000414ced0 code [0x000000000414d040, 0x000000000414d368]
Event: 13.192 Thread 0x0000000019945000 4576       3       org.springframework.boot.context.properties.bind.Bindable::box (60 bytes)
Event: 13.193 Thread 0x0000000019945000 nmethod 4576 0x000000000414d450 code [0x000000000414d6a0, 0x000000000414e278]
Event: 13.193 Thread 0x0000000019945000 4577       3       org.springframework.core.MethodParameter::getGenericParameterType (147 bytes)
Event: 13.194 Thread 0x0000000019945000 nmethod 4577 0x000000000414e790 code [0x000000000414eaa0, 0x0000000004150558]

GC Heap History (10 events):
Event: 3.312 GC heap before
{Heap before GC invocations=6 (full 1):
 PSYoungGen      total 70656K, used 5093K [0x00000000d6000000, 0x00000000df100000, 0x0000000100000000)
  eden space 65536K, 0% used [0x00000000d6000000,0x00000000d6000000,0x00000000da000000)
  from space 5120K, 99% used [0x00000000da000000,0x00000000da4f97e0,0x00000000da500000)
  to   space 8704K, 0% used [0x00000000de880000,0x00000000de880000,0x00000000df100000)
 ParOldGen       total 86016K, used 6414K [0x0000000082000000, 0x0000000087400000, 0x00000000d6000000)
  object space 86016K, 7% used [0x0000000082000000,0x0000000082643980,0x0000000087400000)
 Metaspace       used 20524K, capacity 21222K, committed 21296K, reserved 1067008K
  class space    used 2642K, capacity 2825K, committed 2864K, reserved 1048576K
Event: 3.343 GC heap after
Heap after GC invocations=6 (full 1):
 PSYoungGen      total 70656K, used 0K [0x00000000d6000000, 0x00000000df100000, 0x0000000100000000)
  eden space 65536K, 0% used [0x00000000d6000000,0x00000000d6000000,0x00000000da000000)
  from space 5120K, 0% used [0x00000000da000000,0x00000000da000000,0x00000000da500000)
  to   space 8704K, 0% used [0x00000000de880000,0x00000000de880000,0x00000000df100000)
 ParOldGen       total 49664K, used 5881K [0x0000000082000000, 0x0000000085080000, 0x00000000d6000000)
  object space 49664K, 11% used [0x0000000082000000,0x00000000825be6f0,0x0000000085080000)
 Metaspace       used 20522K, capacity 21216K, committed 21296K, reserved 1067008K
  class space    used 2641K, capacity 2824K, committed 2864K, reserved 1048576K
}
Event: 7.031 GC heap before
{Heap before GC invocations=7 (full 1):
 PSYoungGen      total 70656K, used 65536K [0x00000000d6000000, 0x00000000df100000, 0x0000000100000000)
  eden space 65536K, 100% used [0x00000000d6000000,0x00000000da000000,0x00000000da000000)
  from space 5120K, 0% used [0x00000000da000000,0x00000000da000000,0x00000000da500000)
  to   space 8704K, 0% used [0x00000000de880000,0x00000000de880000,0x00000000df100000)
 ParOldGen       total 49664K, used 5881K [0x0000000082000000, 0x0000000085080000, 0x00000000d6000000)
  object space 49664K, 11% used [0x0000000082000000,0x00000000825be6f0,0x0000000085080000)
 Metaspace       used 24167K, capacity 25152K, committed 25392K, reserved 1071104K
  class space    used 3140K, capacity 3350K, committed 3376K, reserved 1048576K
Event: 7.042 GC heap after
Heap after GC invocations=7 (full 1):
 PSYoungGen      total 119296K, used 5305K [0x00000000d6000000, 0x00000000dee00000, 0x0000000100000000)
  eden space 113664K, 0% used [0x00000000d6000000,0x00000000d6000000,0x00000000dcf00000)
  from space 5632K, 94% used [0x00000000de880000,0x00000000dedae670,0x00000000dee00000)
  to   space 8704K, 0% used [0x00000000ddd00000,0x00000000ddd00000,0x00000000de580000)
 ParOldGen       total 49664K, used 5889K [0x0000000082000000, 0x0000000085080000, 0x00000000d6000000)
  object space 49664K, 11% used [0x0000000082000000,0x00000000825c06f0,0x0000000085080000)
 Metaspace       used 24167K, capacity 25152K, committed 25392K, reserved 1071104K
  class space    used 3140K, capacity 3350K, committed 3376K, reserved 1048576K
}
Event: 10.499 GC heap before
{Heap before GC invocations=8 (full 1):
 PSYoungGen      total 119296K, used 118969K [0x00000000d6000000, 0x00000000dee00000, 0x0000000100000000)
  eden space 113664K, 100% used [0x00000000d6000000,0x00000000dcf00000,0x00000000dcf00000)
  from space 5632K, 94% used [0x00000000de880000,0x00000000dedae670,0x00000000dee00000)
  to   space 8704K, 0% used [0x00000000ddd00000,0x00000000ddd00000,0x00000000de580000)
 ParOldGen       total 49664K, used 5889K [0x0000000082000000, 0x0000000085080000, 0x00000000d6000000)
  object space 49664K, 11% used [0x0000000082000000,0x00000000825c06f0,0x0000000085080000)
 Metaspace       used 31410K, capacity 33016K, committed 33200K, reserved 1077248K
  class space    used 4164K, capacity 4438K, committed 4528K, reserved 1048576K
Event: 10.521 GC heap after
Heap after GC invocations=8 (full 1):
 PSYoungGen      total 136704K, used 8703K [0x00000000d6000000, 0x00000000e3080000, 0x0000000100000000)
  eden space 128000K, 0% used [0x00000000d6000000,0x00000000d6000000,0x00000000ddd00000)
  from space 8704K, 99% used [0x00000000ddd00000,0x00000000de57fd48,0x00000000de580000)
  to   space 10752K, 0% used [0x00000000e2600000,0x00000000e2600000,0x00000000e3080000)
 ParOldGen       total 49664K, used 8238K [0x0000000082000000, 0x0000000085080000, 0x00000000d6000000)
  object space 49664K, 16% used [0x0000000082000000,0x000000008280b870,0x0000000085080000)
 Metaspace       used 31410K, capacity 33016K, committed 33200K, reserved 1077248K
  class space    used 4164K, capacity 4438K, committed 4528K, reserved 1048576K
}
Event: 11.139 GC heap before
{Heap before GC invocations=9 (full 1):
 PSYoungGen      total 136704K, used 59760K [0x00000000d6000000, 0x00000000e3080000, 0x0000000100000000)
  eden space 128000K, 39% used [0x00000000d6000000,0x00000000d91dc2e8,0x00000000ddd00000)
  from space 8704K, 99% used [0x00000000ddd00000,0x00000000de57fd48,0x00000000de580000)
  to   space 10752K, 0% used [0x00000000e2600000,0x00000000e2600000,0x00000000e3080000)
 ParOldGen       total 49664K, used 8238K [0x0000000082000000, 0x0000000085080000, 0x00000000d6000000)
  object space 49664K, 16% used [0x0000000082000000,0x000000008280b870,0x0000000085080000)
 Metaspace       used 33836K, capacity 35434K, committed 35496K, reserved 1079296K
  class space    used 4428K, capacity 4739K, committed 4784K, reserved 1048576K
Event: 11.151 GC heap after
Heap after GC invocations=9 (full 1):
 PSYoungGen      total 202240K, used 9086K [0x00000000d6000000, 0x00000000e4800000, 0x0000000100000000)
  eden space 191488K, 0% used [0x00000000d6000000,0x00000000d6000000,0x00000000e1b00000)
  from space 10752K, 84% used [0x00000000e2600000,0x00000000e2edf838,0x00000000e3080000)
  to   space 11264K, 0% used [0x00000000e1b00000,0x00000000e1b00000,0x00000000e2600000)
 ParOldGen       total 49664K, used 8246K [0x0000000082000000, 0x0000000085080000, 0x00000000d6000000)
  object space 49664K, 16% used [0x0000000082000000,0x000000008280d870,0x0000000085080000)
 Metaspace       used 33836K, capacity 35434K, committed 35496K, reserved 1079296K
  class space    used 4428K, capacity 4739K, committed 4784K, reserved 1048576K
}
Event: 11.151 GC heap before
{Heap before GC invocations=10 (full 2):
 PSYoungGen      total 202240K, used 9086K [0x00000000d6000000, 0x00000000e4800000, 0x0000000100000000)
  eden space 191488K, 0% used [0x00000000d6000000,0x00000000d6000000,0x00000000e1b00000)
  from space 10752K, 84% used [0x00000000e2600000,0x00000000e2edf838,0x00000000e3080000)
  to   space 11264K, 0% used [0x00000000e1b00000,0x00000000e1b00000,0x00000000e2600000)
 ParOldGen       total 49664K, used 8246K [0x0000000082000000, 0x0000000085080000, 0x00000000d6000000)
  object space 49664K, 16% used [0x0000000082000000,0x000000008280d870,0x0000000085080000)
 Metaspace       used 33836K, capacity 35434K, committed 35496K, reserved 1079296K
  class space    used 4428K, capacity 4739K, committed 4784K, reserved 1048576K
Event: 11.216 GC heap after
Heap after GC invocations=10 (full 2):
 PSYoungGen      total 202240K, used 0K [0x00000000d6000000, 0x00000000e4800000, 0x0000000100000000)
  eden space 191488K, 0% used [0x00000000d6000000,0x00000000d6000000,0x00000000e1b00000)
  from space 10752K, 0% used [0x00000000e2600000,0x00000000e2600000,0x00000000e3080000)
  to   space 11264K, 0% used [0x00000000e1b00000,0x00000000e1b00000,0x00000000e2600000)
 ParOldGen       total 70656K, used 13369K [0x0000000082000000, 0x0000000086500000, 0x00000000d6000000)
  object space 70656K, 18% used [0x0000000082000000,0x0000000082d0e478,0x0000000086500000)
 Metaspace       used 33836K, capacity 35434K, committed 35496K, reserved 1079296K
  class space    used 4428K, capacity 4739K, committed 4784K, reserved 1048576K
}

Deoptimization events (10 events):
Event: 12.965 Thread 0x0000000002fd9000 Uncommon trap: reason=class_check action=maybe_recompile pc=0x0000000004017010 method=sun.reflect.generics.reflectiveObjects.TypeVariableImpl.hashCode()I @ 4
Event: 12.965 Thread 0x0000000002fd9000 Uncommon trap: reason=class_check action=maybe_recompile pc=0x0000000004017010 method=sun.reflect.generics.reflectiveObjects.TypeVariableImpl.hashCode()I @ 4
Event: 12.966 Thread 0x0000000002fd9000 Uncommon trap: reason=unstable_if action=reinterpret pc=0x0000000003453b40 method=java.util.concurrent.ConcurrentHashMap.putVal(Ljava/lang/Object;Ljava/lang/Object;Z)Ljava/lang/Object; @ 331
Event: 12.968 Thread 0x0000000002fd9000 Uncommon trap: reason=unstable_if action=reinterpret pc=0x000000000405616c method=java.util.concurrent.ConcurrentHashMap.get(Ljava/lang/Object;)Ljava/lang/Object; @ 86
Event: 13.095 Thread 0x0000000002fd9000 Uncommon trap: reason=unstable_if action=reinterpret pc=0x0000000003f7b698 method=org.springframework.core.annotation.TypeMappedAnnotations$IsPresent.doWithAnnotations(Ljava/lang/Object;ILjava/lang/Object;[Ljava/lang/annotation/Annotation;)Ljava/lang/Bool
Event: 13.177 Thread 0x0000000002fd9000 Uncommon trap: reason=unstable_if action=reinterpret pc=0x000000000406279c method=org.springframework.beans.factory.support.DefaultSingletonBeanRegistry.getSingleton(Ljava/lang/String;Z)Ljava/lang/Object; @ 47
Event: 13.188 Thread 0x0000000002fd9000 Uncommon trap: reason=class_check action=maybe_recompile pc=0x0000000004102398 method=java.lang.reflect.Array.newInstance(Ljava/lang/Class;I)Ljava/lang/Object; @ 2
Event: 13.188 Thread 0x0000000002fd9000 Uncommon trap: reason=class_check action=maybe_recompile pc=0x0000000004102398 method=java.lang.reflect.Array.newInstance(Ljava/lang/Class;I)Ljava/lang/Object; @ 2
Event: 13.191 Thread 0x0000000002fd9000 Uncommon trap: reason=class_check action=maybe_recompile pc=0x0000000004102398 method=java.lang.reflect.Array.newInstance(Ljava/lang/Class;I)Ljava/lang/Object; @ 2
Event: 13.192 Thread 0x0000000002fd9000 Uncommon trap: reason=class_check action=maybe_recompile pc=0x0000000004102398 method=java.lang.reflect.Array.newInstance(Ljava/lang/Class;I)Ljava/lang/Object; @ 2

Classes redefined (0 events):
No events

Internal exceptions (10 events):
Event: 12.863 Thread 0x0000000002fd9000 Exception <a 'java/lang/ClassNotFoundException': org/springframework/web/servlet/config/annotation/WebMvcConfigurationSupportCustomizer> (0x00000000ddad9550) thrown at [C:\re\workspace\8-2-build-windows-amd64-cygwin\jdk8u202\12323\hotspot\src\share\vm\cla
Event: 12.864 Thread 0x0000000002fd9000 Exception <a 'java/lang/ClassNotFoundException': org/springframework/web/servlet/config/annotation/DelegatingWebMvcConfigurationCustomizer> (0x00000000ddb20618) thrown at [C:\re\workspace\8-2-build-windows-amd64-cygwin\jdk8u202\12323\hotspot\src\share\vm\
Event: 12.865 Thread 0x0000000002fd9000 Exception <a 'java/lang/ClassNotFoundException': org/springframework/boot/autoconfigure/web/servlet/WebMvcAutoConfiguration$EnableWebMvcConfigurationCustomizer> (0x00000000ddb614d8) thrown at [C:\re\workspace\8-2-build-windows-amd64-cygwin\jdk8u202\12323\
Event: 12.865 Thread 0x0000000002fd9000 Exception <a 'java/lang/ClassNotFoundException': org/springframework/context/ResourceLoaderAwareCustomizer> (0x00000000ddb95af0) thrown at [C:\re\workspace\8-2-build-windows-amd64-cygwin\jdk8u202\12323\hotspot\src\share\vm\classfile\systemDictionary.cpp, 
Event: 12.866 Thread 0x0000000002fd9000 Exception <a 'java/lang/ClassNotFoundException': org/springframework/beans/factory/AwareCustomizer> (0x00000000ddbb62a8) thrown at [C:\re\workspace\8-2-build-windows-amd64-cygwin\jdk8u202\12323\hotspot\src\share\vm\classfile\systemDictionary.cpp, line 210
Event: 12.866 Thread 0x0000000002fd9000 Exception <a 'java/lang/ClassNotFoundException': org/springframework/context/ApplicationContextAwareCustomizer> (0x00000000ddbdb9c8) thrown at [C:\re\workspace\8-2-build-windows-amd64-cygwin\jdk8u202\12323\hotspot\src\share\vm\classfile\systemDictionary.c
Event: 12.868 Thread 0x0000000002fd9000 Exception <a 'java/lang/ClassNotFoundException': org/springframework/beans/factory/AwareCustomizer> (0x00000000ddbfc788) thrown at [C:\re\workspace\8-2-build-windows-amd64-cygwin\jdk8u202\12323\hotspot\src\share\vm\classfile\systemDictionary.cpp, line 210
Event: 12.868 Thread 0x0000000002fd9000 Exception <a 'java/lang/ClassNotFoundException': org/springframework/web/context/ServletContextAwareCustomizer> (0x00000000ddc21e58) thrown at [C:\re\workspace\8-2-build-windows-amd64-cygwin\jdk8u202\12323\hotspot\src\share\vm\classfile\systemDictionary.c
Event: 12.869 Thread 0x0000000002fd9000 Exception <a 'java/lang/ClassNotFoundException': org/springframework/beans/factory/AwareCustomizer> (0x00000000ddc42688) thrown at [C:\re\workspace\8-2-build-windows-amd64-cygwin\jdk8u202\12323\hotspot\src\share\vm\classfile\systemDictionary.cpp, line 210
Event: 13.137 Thread 0x0000000002fd9000 Exception <a 'java/lang/IncompatibleClassChangeError': Found class java.lang.Object, but interface was expected> (0x00000000dec4a7e0) thrown at [C:\re\workspace\8-2-build-windows-amd64-cygwin\jdk8u202\12323\hotspot\src\share\vm\interpreter\linkResolver.cp

Events (10 events):
Event: 13.188 Thread 0x0000000002fd9000 DEOPT UNPACKING pc=0x00000000032f583b sp=0x0000000002fcc7c0 mode 2
Event: 13.188 Thread 0x0000000002fd9000 Uncommon trap: trap_request=0xffffffde fr.pc=0x0000000004102398
Event: 13.188 Thread 0x0000000002fd9000 DEOPT PACKING pc=0x0000000004102398 sp=0x0000000002fcc820
Event: 13.188 Thread 0x0000000002fd9000 DEOPT UNPACKING pc=0x00000000032f583b sp=0x0000000002fcc7c0 mode 2
Event: 13.191 Thread 0x0000000002fd9000 Uncommon trap: trap_request=0xffffffde fr.pc=0x0000000004102398
Event: 13.191 Thread 0x0000000002fd9000 DEOPT PACKING pc=0x0000000004102398 sp=0x0000000002fcdec0
Event: 13.191 Thread 0x0000000002fd9000 DEOPT UNPACKING pc=0x00000000032f583b sp=0x0000000002fcde60 mode 2
Event: 13.192 Thread 0x0000000002fd9000 Uncommon trap: trap_request=0xffffffde fr.pc=0x0000000004102398
Event: 13.192 Thread 0x0000000002fd9000 DEOPT PACKING pc=0x0000000004102398 sp=0x0000000002fcdec0
Event: 13.192 Thread 0x0000000002fd9000 DEOPT UNPACKING pc=0x00000000032f583b sp=0x0000000002fcde60 mode 2


Dynamic libraries:
0x00007ff741a90000 - 0x00007ff741ac7000 	C:\Program Files\Java\jdk1.8.0_202\bin\java.exe
0x00007ffba0d40000 - 0x00007ffba0f30000 	C:\WINDOWS\SYSTEM32\ntdll.dll
0x00007ffba0c40000 - 0x00007ffba0cf2000 	C:\WINDOWS\System32\KERNEL32.DLL
0x00007ffb9eb40000 - 0x00007ffb9ede4000 	C:\WINDOWS\System32\KERNELBASE.dll
0x00007ffb9f150000 - 0x00007ffb9f1f3000 	C:\WINDOWS\System32\ADVAPI32.dll
0x00007ffba06f0000 - 0x00007ffba078e000 	C:\WINDOWS\System32\msvcrt.dll
0x00007ffba04a0000 - 0x00007ffba0537000 	C:\WINDOWS\System32\sechost.dll
0x00007ffb9fff0000 - 0x00007ffba0110000 	C:\WINDOWS\System32\RPCRT4.dll
0x00007ffba0550000 - 0x00007ffba06e4000 	C:\WINDOWS\System32\USER32.dll
0x00007ffb9e670000 - 0x00007ffb9e691000 	C:\WINDOWS\System32\win32u.dll
0x00007ffba0b60000 - 0x00007ffba0b86000 	C:\WINDOWS\System32\GDI32.dll
0x00007ffb9dcd0000 - 0x00007ffb9de65000 	C:\WINDOWS\System32\gdi32full.dll
0x00007ffb9eaa0000 - 0x00007ffb9eb3e000 	C:\WINDOWS\System32\msvcp_win.dll
0x00007ffb9e800000 - 0x00007ffb9e8fa000 	C:\WINDOWS\System32\ucrtbase.dll
0x00007ffb90160000 - 0x00007ffb903e4000 	C:\WINDOWS\WinSxS\amd64_microsoft.windows.common-controls_6595b64144ccf1df_6.0.18362.900_none_e6beb9d913147d17\COMCTL32.dll
0x00007ffba0790000 - 0x00007ffba0ac5000 	C:\WINDOWS\System32\combase.dll
0x00007ffb9de70000 - 0x00007ffb9def0000 	C:\WINDOWS\System32\bcryptPrimitives.dll
0x00007ffb9fa10000 - 0x00007ffb9fa3e000 	C:\WINDOWS\System32\IMM32.DLL
0x000000006b940000 - 0x000000006ba12000 	C:\Program Files\Java\jdk1.8.0_202\jre\bin\msvcr100.dll
0x000000006a500000 - 0x000000006ada5000 	C:\Program Files\Java\jdk1.8.0_202\jre\bin\server\jvm.dll
0x00007ffba0540000 - 0x00007ffba0548000 	C:\WINDOWS\System32\PSAPI.DLL
0x00007ffb8bed0000 - 0x00007ffb8bed9000 	C:\WINDOWS\SYSTEM32\WSOCK32.dll
0x00007ffb9f9a0000 - 0x00007ffb9fa0f000 	C:\WINDOWS\System32\WS2_32.dll
0x00007ffb9a920000 - 0x00007ffb9a944000 	C:\WINDOWS\SYSTEM32\WINMM.dll
0x00007ffb9a8a0000 - 0x00007ffb9a8cd000 	C:\WINDOWS\SYSTEM32\WINMMBASE.dll
0x00007ffb9e900000 - 0x00007ffb9e94a000 	C:\WINDOWS\System32\cfgmgr32.dll
0x00007ffb9d800000 - 0x00007ffb9d80a000 	C:\WINDOWS\SYSTEM32\VERSION.dll
0x00007ffb8f460000 - 0x00007ffb8f46f000 	C:\Program Files\Java\jdk1.8.0_202\jre\bin\verify.dll
0x00007ffb6a880000 - 0x00007ffb6a8a9000 	C:\Program Files\Java\jdk1.8.0_202\jre\bin\java.dll
0x00007ffb8f330000 - 0x00007ffb8f353000 	C:\Program Files\Java\jdk1.8.0_202\jre\bin\instrument.dll
0x00007ffb6a500000 - 0x00007ffb6a516000 	C:\Program Files\Java\jdk1.8.0_202\jre\bin\zip.dll
0x00007ffb9f2b0000 - 0x00007ffb9f996000 	C:\WINDOWS\System32\SHELL32.dll
0x00007ffba0b90000 - 0x00007ffba0c39000 	C:\WINDOWS\System32\shcore.dll
0x00007ffb9def0000 - 0x00007ffb9e670000 	C:\WINDOWS\System32\windows.storage.dll
0x00007ffb9dca0000 - 0x00007ffb9dcc3000 	C:\WINDOWS\System32\profapi.dll
0x00007ffb9dc10000 - 0x00007ffb9dc5a000 	C:\WINDOWS\System32\powrprof.dll
0x00007ffb9dc00000 - 0x00007ffb9dc10000 	C:\WINDOWS\System32\UMPDC.dll
0x00007ffb9edf0000 - 0x00007ffb9ee42000 	C:\WINDOWS\System32\shlwapi.dll
0x00007ffb9dc60000 - 0x00007ffb9dc71000 	C:\WINDOWS\System32\kernel.appcore.dll
0x00007ffb9e7e0000 - 0x00007ffb9e7f7000 	C:\WINDOWS\System32\cryptsp.dll
0x00007ffb8ec30000 - 0x00007ffb8ec4a000 	F:\idea\IntelliJ IDEA 2019.3.1\bin\breakgen64.dll
0x00007ffb6a460000 - 0x00007ffb6a47a000 	C:\Program Files\Java\jdk1.8.0_202\jre\bin\net.dll
0x00007ffb91260000 - 0x00007ffb91436000 	C:\WINDOWS\SYSTEM32\urlmon.dll
0x00007ffb91660000 - 0x00007ffb91906000 	C:\WINDOWS\SYSTEM32\iertutil.dll
0x00007ffb9d570000 - 0x00007ffb9d57c000 	C:\WINDOWS\SYSTEM32\CRYPTBASE.DLL
0x00007ffb9d3a0000 - 0x00007ffb9d407000 	C:\WINDOWS\system32\mswsock.dll
0x00007ffb9d0b0000 - 0x00007ffb9d0ea000 	C:\WINDOWS\SYSTEM32\IPHLPAPI.DLL
0x00007ffba02c0000 - 0x00007ffba02c8000 	C:\WINDOWS\System32\NSI.dll
0x00007ffb97600000 - 0x00007ffb97616000 	C:\WINDOWS\SYSTEM32\dhcpcsvc6.DLL
0x00007ffb975e0000 - 0x00007ffb975fc000 	C:\WINDOWS\SYSTEM32\dhcpcsvc.DLL
0x00007ffb9d0f0000 - 0x00007ffb9d1bb000 	C:\WINDOWS\SYSTEM32\DNSAPI.dll
0x00007ffb7f490000 - 0x00007ffb7f49d000 	C:\Program Files\Java\jdk1.8.0_202\jre\bin\management.dll
0x00007ffb82bf0000 - 0x00007ffb82c06000 	C:\WINDOWS\system32\napinsp.dll
0x00007ffb82b30000 - 0x00007ffb82b4a000 	C:\WINDOWS\system32\pnrpnsp.dll
0x00007ffb82b20000 - 0x00007ffb82b2e000 	C:\WINDOWS\System32\winrnr.dll
0x00007ffb9a3c0000 - 0x00007ffb9a3dc000 	C:\WINDOWS\system32\NLAapi.dll
0x00007ffb82bd0000 - 0x00007ffb82be5000 	C:\WINDOWS\system32\wshbth.dll
0x00007ffb91230000 - 0x00007ffb9123a000 	C:\Windows\System32\rasadhlp.dll
0x00007ffb935b0000 - 0x00007ffb93627000 	C:\WINDOWS\System32\fwpuclnt.dll
0x00007ffb9e7b0000 - 0x00007ffb9e7d6000 	C:\WINDOWS\System32\bcrypt.dll
0x00007ffb69cd0000 - 0x00007ffb69ce2000 	C:\Program Files\Java\jdk1.8.0_202\jre\bin\nio.dll
0x0000000180000000 - 0x0000000180282000 	F:\Tomcat\apache-tomcat-8.5.50\bin\tcnative-1.dll
0x00007ffb9e950000 - 0x00007ffb9ea99000 	C:\WINDOWS\System32\CRYPT32.dll
0x00007ffb9dc80000 - 0x00007ffb9dc92000 	C:\WINDOWS\System32\MSASN1.dll
0x00007ffb9cf10000 - 0x00007ffb9cf43000 	C:\WINDOWS\system32\rsaenh.dll
0x00007ffb9db20000 - 0x00007ffb9db45000 	C:\WINDOWS\SYSTEM32\USERENV.dll

VM Arguments:
jvm_args: -javaagent:F:\idea\IntelliJ IDEA 2019.3.1\lib\idea_rt.jar=49793:F:\idea\IntelliJ IDEA 2019.3.1\bin -Dfile.encoding=UTF-8 
java_command: com.itzhoujun.usercenter.UserZhoujunApplication
java_class_path (initial): C:\Program Files\Java\jdk1.8.0_202\jre\lib\charsets.jar;C:\Program Files\Java\jdk1.8.0_202\jre\lib\deploy.jar;C:\Program Files\Java\jdk1.8.0_202\jre\lib\ext\access-bridge-64.jar;C:\Program Files\Java\jdk1.8.0_202\jre\lib\ext\cldrdata.jar;C:\Program Files\Java\jdk1.8.0_202\jre\lib\ext\dnsns.jar;C:\Program Files\Java\jdk1.8.0_202\jre\lib\ext\jaccess.jar;C:\Program Files\Java\jdk1.8.0_202\jre\lib\ext\jfxrt.jar;C:\Program Files\Java\jdk1.8.0_202\jre\lib\ext\localedata.jar;C:\Program Files\Java\jdk1.8.0_202\jre\lib\ext\nashorn.jar;C:\Program Files\Java\jdk1.8.0_202\jre\lib\ext\sunec.jar;C:\Program Files\Java\jdk1.8.0_202\jre\lib\ext\sunjce_provider.jar;C:\Program Files\Java\jdk1.8.0_202\jre\lib\ext\sunmscapi.jar;C:\Program Files\Java\jdk1.8.0_202\jre\lib\ext\sunpkcs11.jar;C:\Program Files\Java\jdk1.8.0_202\jre\lib\ext\zipfs.jar;C:\Program Files\Java\jdk1.8.0_202\jre\lib\javaws.jar;C:\Program Files\Java\jdk1.8.0_202\jre\lib\jce.jar;C:\Program Files\Java\jdk1.8.0_202\jre\lib\jfr.jar;C:\Program Files\Java\jdk1.8.0_202\jre\lib\jfxswt.jar;C:\Program Files\Java\jdk1.8.0_202\jre\lib\jsse.jar;C:\Program Files\Java\jdk1.8.0_202\jre\lib\management-agent.jar;C:\Program Files\Java\jdk1.8.0_202\jre\lib\plugin.jar;C:\Program Files\Java\jdk1.8.0_202\jre\lib\resources.jar;C:\Program Files\Java\jdk1.8.0_202\jre\lib\rt.jar;F:\jeecg-boot-master\taobao-sdk-java-auto_1479188381469-20200701-source.jar;F:\user-zhoujun\target\classes;F:\maven\repository\org\springframework\boot\spring-boot-starter-web-services\2.2.5.RELEASE\spring-boot-starter-web-services-2.2.5.RELEASE.jar;F:\maven\repository\org\springframework\boot\spring-boot-starter-web\2.2.5.RELEASE\spring-boot-starter-web-2.2.5.RELEASE.jar;F:\maven\repository\org\springframework\boot\spring-boot-starter-json\2.2.5.RELEASE\spring-boot-starter-json-2.2.5.RELEASE.jar;F:\maven\repository\com\fasterxml\jackson\core\jackson-databind\2.10.2\jackson-databind-2.10.2.jar;F:\maven\repository\com\fasterxml\jackson\core\j
Launcher Type: SUN_STANDARD

Environment Variables:
JAVA_HOME=C:\Program Files\Java\jdk1.8.0_202
CLASSPATH=.;C:\Program Files\Java\jdk1.8.0_202\lib;C:\Program Files\Java\jdk1.8.0_202\lib\tools.jar
PATH=F:\oracle\product\11.2.0\dbhome_1\bin;C:\Program Files (x86)\Common Files\Oracle\Java\javapath;C:\WINDOWS\system32;C:\WINDOWS;C:\WINDOWS\System32\Wbem;C:\WINDOWS\System32\WindowsPowerShell\v1.0\;C:\WINDOWS\System32\OpenSSH\;C:\Program Files\Java\jdk1.8.0_202\bin;C:\Program Files\Java\jdk1.8.0_202\jre\bin;C:\Program Files\Microsoft SQL Server\Client SDK\ODBC\130\Tools\Binn\;C:\Program Files (x86)\Microsoft SQL Server\140\Tools\Binn\;C:\Program Files\Microsoft SQL Server\140\Tools\Binn\;C:\Program Files\Microsoft SQL Server\140\DTS\Binn\;F:\mysql\bin;C:\Program Files\Redis\;F:\maven\apache-maven-3.6.3\bin;F:\Tomcat\apache-tomcat-8.5.50\lib;F:\Tomcat\apache-tomcat-8.5.50\bin;F:\nodejs\;F:\nodejs\node_global;F:\yarn\bin;G:\curl-7.64.1\I386;C:\Users\Administrator\AppData\Local\Microsoft\WindowsApps;C:\Users\Administrator\AppData\Roaming\npm;C:\Users\Administrator\AppData\Local\Yarn\.bin;
USERNAME=Administrator
OS=Windows_NT
PROCESSOR_IDENTIFIER=Intel64 Family 6 Model 158 Stepping 11, GenuineIntel



---------------  S Y S T E M  ---------------

OS: Windows 10.0 , 64 bit Build 18362 (10.0.18362.900)

CPU:total 4 (initial active 4) (4 cores per cpu, 1 threads per core) family 6 model 158 stepping 11, cmov, cx8, fxsr, mmx, sse, sse2, sse3, ssse3, sse4.1, sse4.2, popcnt, avx, avx2, aes, clmul, erms, 3dnowpref, lzcnt, tsc, tscinvbit, bmi1, bmi2, adx

Memory: 4k page, physical 8257496k(727544k free), swap 21364948k(5236k free)

vm_info: Java HotSpot(TM) 64-Bit Server VM (25.202-b08) for windows-amd64 JRE (1.8.0_202-b08), built on Dec 15 2018 19:54:30 by "java_re" with MS VC++ 10.0 (VS2010)

time: Fri Jul 03 15:11:28 2020
timezone: 中国标准时间
elapsed time: 13 seconds (0d 0h 0m 13s)

